0 info it worked if it ends with ok
1 verbose cli [ '/home/vlad/.meteor/packages/meteor-tool/.1.4.3.19tu5lz++os.linux.x86_64+web.browser+web.cordova/mt-os.linux.x86_64/dev_bundle/bin/node',
1 verbose cli   '/home/vlad/.meteor/packages/meteor-tool/.1.4.3.19tu5lz++os.linux.x86_64+web.browser+web.cordova/mt-os.linux.x86_64/dev_bundle/bin/npm',
1 verbose cli   'run',
1 verbose cli   'lint' ]
2 info using npm@4.1.2
3 info using node@v4.7.3
4 verbose run-script [ 'prelint', 'lint', 'postlint' ]
5 info lifecycle test-keenethics@~prelint: test-keenethics@
6 silly lifecycle test-keenethics@~prelint: no script for prelint, continuing
7 info lifecycle test-keenethics@~lint: test-keenethics@
8 verbose lifecycle test-keenethics@~lint: unsafe-perm in lifecycle true
9 verbose lifecycle test-keenethics@~lint: PATH: /home/vlad/.meteor/packages/meteor-tool/.1.4.3.19tu5lz++os.linux.x86_64+web.browser+web.cordova/mt-os.linux.x86_64/dev_bundle/lib/node_modules/npm/bin/node-gyp-bin:/media/hdd/coding/test-keenethics/node_modules/.bin:/home/vlad/.meteor/packages/meteor-tool/.1.4.3.19tu5lz++os.linux.x86_64+web.browser+web.cordova/mt-os.linux.x86_64/dev_bundle/bin:/home/vlad/.meteor/packages/meteor-tool/.1.4.3.19tu5lz++os.linux.x86_64+web.browser+web.cordova/mt-os.linux.x86_64/dev_bundle/lib/node_modules/.bin:/home/vlad/bin:/home/vlad/.local/bin:/usr/local/sbin:/usr/local/bin:/usr/sbin:/usr/bin:/sbin:/bin:/usr/games:/usr/local/games:/snap/bin
10 verbose lifecycle test-keenethics@~lint: CWD: /media/hdd/coding/test-keenethics
11 silly lifecycle test-keenethics@~lint: Args: [ '-c', 'eslint .' ]
12 silly lifecycle test-keenethics@~lint: Returned: code: 1  signal: null
13 info lifecycle test-keenethics@~lint: Failed to exec lint script
14 verbose stack Error: test-keenethics@ lint: `eslint .`
14 verbose stack Exit status 1
14 verbose stack     at EventEmitter.<anonymous> (/home/vlad/.meteor/packages/meteor-tool/.1.4.3.19tu5lz++os.linux.x86_64+web.browser+web.cordova/mt-os.linux.x86_64/dev_bundle/lib/node_modules/npm/lib/utils/lifecycle.js:279:16)
14 verbose stack     at emitTwo (events.js:87:13)
14 verbose stack     at EventEmitter.emit (events.js:172:7)
14 verbose stack     at ChildProcess.<anonymous> (/home/vlad/.meteor/packages/meteor-tool/.1.4.3.19tu5lz++os.linux.x86_64+web.browser+web.cordova/mt-os.linux.x86_64/dev_bundle/lib/node_modules/npm/lib/utils/spawn.js:40:14)
14 verbose stack     at emitTwo (events.js:87:13)
14 verbose stack     at ChildProcess.emit (events.js:172:7)
14 verbose stack     at maybeClose (internal/child_process.js:854:16)
14 verbose stack     at Process.ChildProcess._handle.onexit (internal/child_process.js:222:5)
15 verbose pkgid test-keenethics@
16 verbose cwd /media/hdd/coding/test-keenethics
17 error Linux 4.8.0-56-generic
18 error argv "/home/vlad/.meteor/packages/meteor-tool/.1.4.3.19tu5lz++os.linux.x86_64+web.browser+web.cordova/mt-os.linux.x86_64/dev_bundle/bin/node" "/home/vlad/.meteor/packages/meteor-tool/.1.4.3.19tu5lz++os.linux.x86_64+web.browser+web.cordova/mt-os.linux.x86_64/dev_bundle/bin/npm" "run" "lint"
19 error node v4.7.3
20 error npm  v4.1.2
21 error code ELIFECYCLE
22 error test-keenethics@ lint: `eslint .`
22 error Exit status 1
23 error Failed at the test-keenethics@ lint script 'eslint .'.
23 error Make sure you have the latest version of node.js and npm installed.
23 error If you do, this is most likely a problem with the test-keenethics package,
23 error not with npm itself.
23 error Tell the author that this fails on your system:
23 error     eslint .
23 error You can get information on how to open an issue for this project with:
23 error     npm bugs test-keenethics
23 error Or if that isn't available, you can get their info via:
23 error     npm owner ls test-keenethics
23 error There is likely additional logging output above.
24 verbose exit [ 1, true ]
